<?xml version="1.0" encoding="UTF-8"?>
<coverage generated="1660838621332" clover="3.2.0">
  <project timestamp="1660838621332" name="All files">
    <metrics statements="36" coveredstatements="17" conditionals="24" coveredconditionals="5" methods="20" coveredmethods="9" elements="80" coveredelements="31" complexity="0" loc="36" ncloc="36" packages="1" files="3" classes="3"/>
    <file name="localStorageTools.js" path="C:\Users\Carlos\Documents\Microverse\Program\Module 02\to-do-list-webpack\src\modules\localStorageTools.js">
      <metrics statements="8" coveredstatements="1" conditionals="7" coveredconditionals="0" methods="1" coveredmethods="0"/>
      <line num="2" count="1" type="stmt"/>
      <line num="4" count="0" type="stmt"/>
      <line num="5" count="0" type="stmt"/>
      <line num="6" count="0" type="stmt"/>
      <line num="7" count="0" type="stmt"/>
      <line num="8" count="0" type="stmt"/>
      <line num="9" count="0" type="stmt"/>
      <line num="11" count="0" type="cond" truecount="0" falsecount="7"/>
    </file>
    <file name="to-do-list.js" path="C:\Users\Carlos\Documents\Microverse\Program\Module 02\to-do-list-webpack\src\modules\to-do-list.js">
      <metrics statements="24" coveredstatements="13" conditionals="14" coveredconditionals="5" methods="17" coveredmethods="8"/>
      <line num="7" count="2" type="stmt"/>
      <line num="8" count="2" type="stmt"/>
      <line num="12" count="2" type="cond" truecount="1" falsecount="1"/>
      <line num="13" count="2" type="stmt"/>
      <line num="14" count="2" type="stmt"/>
      <line num="15" count="2" type="stmt"/>
      <line num="19" count="2" type="cond" truecount="1" falsecount="1"/>
      <line num="20" count="0" type="stmt"/>
      <line num="24" count="2" type="cond" truecount="2" falsecount="0"/>
      <line num="28" count="1" type="stmt"/>
      <line num="29" count="1" type="stmt"/>
      <line num="30" count="1" type="stmt"/>
      <line num="34" count="0" type="stmt"/>
      <line num="38" count="3" type="stmt"/>
      <line num="39" count="3" type="cond" truecount="1" falsecount="1"/>
      <line num="43" count="0" type="stmt"/>
      <line num="44" count="0" type="stmt"/>
      <line num="49" count="0" type="stmt"/>
      <line num="50" count="0" type="cond" truecount="0" falsecount="2"/>
      <line num="51" count="0" type="stmt"/>
      <line num="52" count="0" type="stmt"/>
      <line num="58" count="0" type="cond" truecount="0" falsecount="2"/>
      <line num="59" count="0" type="stmt"/>
      <line num="66" count="0" type="stmt"/>
    </file>
    <file name="to-do.js" path="C:\Users\Carlos\Documents\Microverse\Program\Module 02\to-do-list-webpack\src\modules\to-do.js">
      <metrics statements="4" coveredstatements="3" conditionals="3" coveredconditionals="0" methods="2" coveredmethods="1"/>
      <line num="3" count="2" type="stmt"/>
      <line num="4" count="2" type="stmt"/>
      <line num="5" count="2" type="stmt"/>
      <line num="9" count="0" type="stmt"/>
    </file>
  </project>
</coverage>
