<?xml version="1.0" encoding="UTF-8"?>
<coverage generated="1660846238219" clover="3.2.0">
  <project timestamp="1660846238220" name="All files">
    <metrics statements="39" coveredstatements="32" conditionals="29" coveredconditionals="11" methods="21" coveredmethods="17" elements="89" coveredelements="60" complexity="0" loc="39" ncloc="39" packages="1" files="3" classes="3"/>
    <file name="localStorageTools.js" path="C:\Users\HP\Documents\GitHub\to-do-list-webpack\src\modules\localStorageTools.js">
      <metrics statements="8" coveredstatements="7" conditionals="7" coveredconditionals="0" methods="1" coveredmethods="1"/>
      <line num="2" count="1" type="stmt"/>
      <line num="4" count="1" type="stmt"/>
      <line num="5" count="1" type="stmt"/>
      <line num="6" count="1" type="stmt"/>
      <line num="7" count="1" type="stmt"/>
      <line num="8" count="1" type="stmt"/>
      <line num="9" count="1" type="stmt"/>
      <line num="11" count="0" type="cond" truecount="0" falsecount="7"/>
    </file>
    <file name="to-do-list.js" path="C:\Users\HP\Documents\GitHub\to-do-list-webpack\src\modules\to-do-list.js">
      <metrics statements="27" coveredstatements="22" conditionals="19" coveredconditionals="11" methods="18" coveredmethods="15"/>
      <line num="7" count="4" type="stmt"/>
      <line num="11" count="5" type="cond" truecount="1" falsecount="1"/>
      <line num="12" count="5" type="stmt"/>
      <line num="13" count="5" type="stmt"/>
      <line num="14" count="5" type="stmt"/>
      <line num="18" count="5" type="cond" truecount="2" falsecount="0"/>
      <line num="19" count="1" type="stmt"/>
      <line num="23" count="5" type="cond" truecount="2" falsecount="0"/>
      <line num="27" count="4" type="stmt"/>
      <line num="28" count="3" type="stmt"/>
      <line num="29" count="3" type="stmt"/>
      <line num="33" count="2" type="stmt"/>
      <line num="37" count="8" type="stmt"/>
      <line num="38" count="8" type="cond" truecount="1" falsecount="1"/>
      <line num="42" count="1" type="cond" truecount="1" falsecount="1"/>
      <line num="43" count="1" type="cond" truecount="1" falsecount="1"/>
      <line num="44" count="1" type="cond" truecount="1" falsecount="1"/>
      <line num="45" count="1" type="stmt"/>
      <line num="50" count="1" type="stmt"/>
      <line num="51" count="2" type="stmt"/>
      <line num="56" count="0" type="stmt"/>
      <line num="57" count="0" type="cond" truecount="0" falsecount="2"/>
      <line num="58" count="0" type="stmt"/>
      <line num="59" count="0" type="stmt"/>
      <line num="65" count="1" type="cond" truecount="1" falsecount="1"/>
      <line num="66" count="1" type="stmt"/>
      <line num="73" count="0" type="stmt"/>
    </file>
    <file name="to-do.js" path="C:\Users\HP\Documents\GitHub\to-do-list-webpack\src\modules\to-do.js">
      <metrics statements="4" coveredstatements="3" conditionals="3" coveredconditionals="0" methods="2" coveredmethods="1"/>
      <line num="3" count="5" type="stmt"/>
      <line num="4" count="5" type="stmt"/>
      <line num="5" count="5" type="stmt"/>
      <line num="9" count="0" type="stmt"/>
    </file>
  </project>
</coverage>
