{"C:\\Users\\Carlos\\Documents\\Microverse\\Program\\Module 02\\to-do-list-webpack\\src\\modules\\localStorageTools.js": {"path":"C:\\Users\\Carlos\\Documents\\Microverse\\Program\\Module 02\\to-do-list-webpack\\src\\modules\\localStorageTools.js","statementMap":{"0":{"start":{"line":2,"column":25},"end":{"line":24,"column":1}},"1":{"start":{"line":4,"column":2},"end":{"line":23,"column":3}},"2":{"start":{"line":5,"column":4},"end":{"line":5,"column":34}},"3":{"start":{"line":6,"column":14},"end":{"line":6,"column":32}},"4":{"start":{"line":7,"column":4},"end":{"line":7,"column":26}},"5":{"start":{"line":8,"column":4},"end":{"line":8,"column":26}},"6":{"start":{"line":9,"column":4},"end":{"line":9,"column":16}},"7":{"start":{"line":11,"column":4},"end":{"line":22,"column":43}}},"fnMap":{"0":{"name":"(anonymous_0)","decl":{"start":{"line":2,"column":25},"end":{"line":2,"column":26}},"loc":{"start":{"line":2,"column":31},"end":{"line":24,"column":1}},"line":2}},"branchMap":{"0":{"loc":{"start":{"line":11,"column":11},"end":{"line":22,"column":42}},"type":"binary-expr","locations":[{"start":{"line":11,"column":11},"end":{"line":11,"column":36}},{"start":{"line":13,"column":6},"end":{"line":13,"column":19}},{"start":{"line":15,"column":9},"end":{"line":15,"column":24}},{"start":{"line":18,"column":9},"end":{"line":18,"column":40}},{"start":{"line":20,"column":9},"end":{"line":20,"column":48}},{"start":{"line":22,"column":10},"end":{"line":22,"column":17}},{"start":{"line":22,"column":21},"end":{"line":22,"column":41}}],"line":11}},"s":{"0":1,"1":1,"2":1,"3":1,"4":1,"5":1,"6":1,"7":0},"f":{"0":1},"b":{"0":[0,0,0,0,0,0,0]},"_coverageSchema":"1a1c01bbd47fc00a2c39e90264f33305004495a9","hash":"3a0abf338d740189a90e6764e6d394914f34df7b"}
,"C:\\Users\\Carlos\\Documents\\Microverse\\Program\\Module 02\\to-do-list-webpack\\src\\modules\\to-do-dom-element.js": {"path":"C:\\Users\\Carlos\\Documents\\Microverse\\Program\\Module 02\\to-do-list-webpack\\src\\modules\\to-do-dom-element.js","statementMap":{"0":{"start":{"line":4,"column":22},"end":{"line":9,"column":1}},"1":{"start":{"line":5,"column":2},"end":{"line":6,"column":47}},"2":{"start":{"line":5,"column":17},"end":{"line":5,"column":54}},"3":{"start":{"line":6,"column":7},"end":{"line":6,"column":47}},"4":{"start":{"line":7,"column":2},"end":{"line":7,"column":58}},"5":{"start":{"line":8,"column":2},"end":{"line":8,"column":72}},"6":{"start":{"line":11,"column":23},"end":{"line":14,"column":1}},"7":{"start":{"line":12,"column":2},"end":{"line":12,"column":64}},"8":{"start":{"line":13,"column":2},"end":{"line":13,"column":77}},"9":{"start":{"line":16,"column":23},"end":{"line":48,"column":1}},"10":{"start":{"line":17,"column":2},"end":{"line":17,"column":75}},"11":{"start":{"line":17,"column":31},"end":{"line":17,"column":75}},"12":{"start":{"line":19,"column":22},"end":{"line":19,"column":83}},"13":{"start":{"line":21,"column":2},"end":{"line":21,"column":66}},"14":{"start":{"line":22,"column":2},"end":{"line":22,"column":43}},"15":{"start":{"line":24,"column":2},"end":{"line":24,"column":41}},"16":{"start":{"line":25,"column":2},"end":{"line":25,"column":49}},"17":{"start":{"line":26,"column":2},"end":{"line":26,"column":53}},"18":{"start":{"line":28,"column":25},"end":{"line":28,"column":60}},"19":{"start":{"line":30,"column":2},"end":{"line":30,"column":48}},"20":{"start":{"line":32,"column":2},"end":{"line":35,"column":5}},"21":{"start":{"line":33,"column":4},"end":{"line":33,"column":23}},"22":{"start":{"line":34,"column":4},"end":{"line":34,"column":58}},"23":{"start":{"line":37,"column":26},"end":{"line":37,"column":60}},"24":{"start":{"line":39,"column":2},"end":{"line":39,"column":43}},"25":{"start":{"line":40,"column":2},"end":{"line":43,"column":5}},"26":{"start":{"line":41,"column":4},"end":{"line":41,"column":23}},"27":{"start":{"line":42,"column":4},"end":{"line":42,"column":70}},"28":{"start":{"line":45,"column":16},"end":{"line":45,"column":69}},"29":{"start":{"line":46,"column":2},"end":{"line":46,"column":35}},"30":{"start":{"line":47,"column":2},"end":{"line":47,"column":15}},"31":{"start":{"line":50,"column":25},"end":{"line":57,"column":1}},"32":{"start":{"line":51,"column":2},"end":{"line":51,"column":91}},"33":{"start":{"line":51,"column":39},"end":{"line":51,"column":91}},"34":{"start":{"line":52,"column":2},"end":{"line":56,"column":5}},"35":{"start":{"line":53,"column":4},"end":{"line":55,"column":5}},"36":{"start":{"line":54,"column":6},"end":{"line":54,"column":107}},"37":{"start":{"line":59,"column":26},"end":{"line":61,"column":1}},"38":{"start":{"line":60,"column":2},"end":{"line":60,"column":61}}},"fnMap":{"0":{"name":"(anonymous_0)","decl":{"start":{"line":4,"column":22},"end":{"line":4,"column":23}},"loc":{"start":{"line":4,"column":53},"end":{"line":9,"column":1}},"line":4},"1":{"name":"(anonymous_1)","decl":{"start":{"line":11,"column":23},"end":{"line":11,"column":24}},"loc":{"start":{"line":11,"column":66},"end":{"line":14,"column":1}},"line":11},"2":{"name":"(anonymous_2)","decl":{"start":{"line":16,"column":23},"end":{"line":16,"column":24}},"loc":{"start":{"line":16,"column":50},"end":{"line":48,"column":1}},"line":16},"3":{"name":"(anonymous_3)","decl":{"start":{"line":32,"column":43},"end":{"line":32,"column":44}},"loc":{"start":{"line":32,"column":50},"end":{"line":35,"column":3}},"line":32},"4":{"name":"(anonymous_4)","decl":{"start":{"line":40,"column":44},"end":{"line":40,"column":45}},"loc":{"start":{"line":40,"column":51},"end":{"line":43,"column":3}},"line":40},"5":{"name":"(anonymous_5)","decl":{"start":{"line":50,"column":25},"end":{"line":50,"column":26}},"loc":{"start":{"line":50,"column":39},"end":{"line":57,"column":1}},"line":50},"6":{"name":"(anonymous_6)","decl":{"start":{"line":52,"column":25},"end":{"line":52,"column":26}},"loc":{"start":{"line":52,"column":35},"end":{"line":56,"column":3}},"line":52},"7":{"name":"(anonymous_7)","decl":{"start":{"line":59,"column":26},"end":{"line":59,"column":27}},"loc":{"start":{"line":59,"column":37},"end":{"line":61,"column":1}},"line":59}},"branchMap":{"0":{"loc":{"start":{"line":5,"column":2},"end":{"line":6,"column":47}},"type":"if","locations":[{"start":{"line":5,"column":2},"end":{"line":6,"column":47}},{"start":{"line":6,"column":7},"end":{"line":6,"column":47}}],"line":5},"1":{"loc":{"start":{"line":17,"column":2},"end":{"line":17,"column":75}},"type":"if","locations":[{"start":{"line":17,"column":2},"end":{"line":17,"column":75}},{"start":{},"end":{}}],"line":17},"2":{"loc":{"start":{"line":51,"column":2},"end":{"line":51,"column":91}},"type":"if","locations":[{"start":{"line":51,"column":2},"end":{"line":51,"column":91}},{"start":{},"end":{}}],"line":51},"3":{"loc":{"start":{"line":53,"column":4},"end":{"line":55,"column":5}},"type":"if","locations":[{"start":{"line":53,"column":4},"end":{"line":55,"column":5}},{"start":{},"end":{}}],"line":53}},"s":{"0":1,"1":1,"2":1,"3":0,"4":1,"5":1,"6":1,"7":0,"8":0,"9":1,"10":1,"11":0,"12":1,"13":1,"14":1,"15":1,"16":1,"17":1,"18":1,"19":1,"20":1,"21":0,"22":0,"23":1,"24":1,"25":1,"26":0,"27":0,"28":1,"29":1,"30":1,"31":1,"32":1,"33":0,"34":1,"35":1,"36":1,"37":1,"38":1},"f":{"0":1,"1":0,"2":1,"3":0,"4":0,"5":1,"6":1,"7":1},"b":{"0":[1,0],"1":[0,1],"2":[0,1],"3":[1,0]},"_coverageSchema":"1a1c01bbd47fc00a2c39e90264f33305004495a9","hash":"bac2ef134d6d6d4630729f29cf4bc02aaa95d494"}
,"C:\\Users\\Carlos\\Documents\\Microverse\\Program\\Module 02\\to-do-list-webpack\\src\\modules\\to-do-list.js": {"path":"C:\\Users\\Carlos\\Documents\\Microverse\\Program\\Module 02\\to-do-list-webpack\\src\\modules\\to-do-list.js","statementMap":{"0":{"start":{"line":7,"column":4},"end":{"line":7,"column":22}},"1":{"start":{"line":11,"column":4},"end":{"line":11,"column":77}},"2":{"start":{"line":11,"column":33},"end":{"line":11,"column":77}},"3":{"start":{"line":12,"column":4},"end":{"line":12,"column":26}},"4":{"start":{"line":13,"column":4},"end":{"line":13,"column":62}},"5":{"start":{"line":14,"column":4},"end":{"line":14,"column":28}},"6":{"start":{"line":18,"column":4},"end":{"line":18,"column":42}},"7":{"start":{"line":18,"column":33},"end":{"line":18,"column":42}},"8":{"start":{"line":19,"column":4},"end":{"line":19,"column":65}},"9":{"start":{"line":19,"column":48},"end":{"line":19,"column":58}},"10":{"start":{"line":23,"column":4},"end":{"line":23,"column":82}},"11":{"start":{"line":27,"column":20},"end":{"line":27,"column":70}},"12":{"start":{"line":27,"column":49},"end":{"line":27,"column":69}},"13":{"start":{"line":28,"column":4},"end":{"line":28,"column":28}},"14":{"start":{"line":29,"column":4},"end":{"line":29,"column":19}},"15":{"start":{"line":33,"column":4},"end":{"line":33,"column":55}},"16":{"start":{"line":33,"column":39},"end":{"line":33,"column":53}},"17":{"start":{"line":37,"column":4},"end":{"line":37,"column":65}},"18":{"start":{"line":37,"column":42},"end":{"line":37,"column":61}},"19":{"start":{"line":38,"column":4},"end":{"line":38,"column":57}},"20":{"start":{"line":38,"column":30},"end":{"line":38,"column":57}},"21":{"start":{"line":42,"column":4},"end":{"line":46,"column":5}},"22":{"start":{"line":43,"column":6},"end":{"line":43,"column":67}},"23":{"start":{"line":43,"column":23},"end":{"line":43,"column":67}},"24":{"start":{"line":44,"column":6},"end":{"line":44,"column":97}},"25":{"start":{"line":44,"column":57},"end":{"line":44,"column":97}},"26":{"start":{"line":45,"column":6},"end":{"line":45,"column":33}},"27":{"start":{"line":50,"column":4},"end":{"line":52,"column":7}},"28":{"start":{"line":51,"column":6},"end":{"line":51,"column":30}},"29":{"start":{"line":56,"column":16},"end":{"line":56,"column":71}},"30":{"start":{"line":57,"column":4},"end":{"line":61,"column":5}},"31":{"start":{"line":58,"column":6},"end":{"line":60,"column":9}},"32":{"start":{"line":59,"column":8},"end":{"line":59,"column":67}},"33":{"start":{"line":65,"column":4},"end":{"line":65,"column":36}},"34":{"start":{"line":65,"column":29},"end":{"line":65,"column":36}},"35":{"start":{"line":66,"column":4},"end":{"line":69,"column":6}},"36":{"start":{"line":73,"column":4},"end":{"line":73,"column":28}}},"fnMap":{"0":{"name":"(anonymous_0)","decl":{"start":{"line":6,"column":2},"end":{"line":6,"column":3}},"loc":{"start":{"line":6,"column":25},"end":{"line":8,"column":3}},"line":6},"1":{"name":"(anonymous_1)","decl":{"start":{"line":10,"column":2},"end":{"line":10,"column":3}},"loc":{"start":{"line":10,"column":19},"end":{"line":15,"column":3}},"line":10},"2":{"name":"(anonymous_2)","decl":{"start":{"line":17,"column":2},"end":{"line":17,"column":3}},"loc":{"start":{"line":17,"column":22},"end":{"line":20,"column":3}},"line":17},"3":{"name":"(anonymous_3)","decl":{"start":{"line":19,"column":38},"end":{"line":19,"column":39}},"loc":{"start":{"line":19,"column":48},"end":{"line":19,"column":58}},"line":19},"4":{"name":"(anonymous_4)","decl":{"start":{"line":22,"column":2},"end":{"line":22,"column":3}},"loc":{"start":{"line":22,"column":34},"end":{"line":24,"column":3}},"line":22},"5":{"name":"(anonymous_5)","decl":{"start":{"line":26,"column":2},"end":{"line":26,"column":3}},"loc":{"start":{"line":26,"column":16},"end":{"line":30,"column":3}},"line":26},"6":{"name":"(anonymous_6)","decl":{"start":{"line":27,"column":39},"end":{"line":27,"column":40}},"loc":{"start":{"line":27,"column":49},"end":{"line":27,"column":69}},"line":27},"7":{"name":"(anonymous_7)","decl":{"start":{"line":32,"column":2},"end":{"line":32,"column":3}},"loc":{"start":{"line":32,"column":17},"end":{"line":34,"column":3}},"line":32},"8":{"name":"(anonymous_8)","decl":{"start":{"line":33,"column":29},"end":{"line":33,"column":30}},"loc":{"start":{"line":33,"column":39},"end":{"line":33,"column":53}},"line":33},"9":{"name":"(anonymous_9)","decl":{"start":{"line":36,"column":2},"end":{"line":36,"column":3}},"loc":{"start":{"line":36,"column":21},"end":{"line":39,"column":3}},"line":36},"10":{"name":"(anonymous_10)","decl":{"start":{"line":37,"column":23},"end":{"line":37,"column":24}},"loc":{"start":{"line":37,"column":40},"end":{"line":37,"column":63}},"line":37},"11":{"name":"(anonymous_11)","decl":{"start":{"line":41,"column":2},"end":{"line":41,"column":3}},"loc":{"start":{"line":41,"column":42},"end":{"line":47,"column":3}},"line":41},"12":{"name":"(anonymous_12)","decl":{"start":{"line":49,"column":2},"end":{"line":49,"column":3}},"loc":{"start":{"line":49,"column":20},"end":{"line":53,"column":3}},"line":49},"13":{"name":"(anonymous_13)","decl":{"start":{"line":50,"column":32},"end":{"line":50,"column":33}},"loc":{"start":{"line":50,"column":42},"end":{"line":52,"column":5}},"line":50},"14":{"name":"(anonymous_14)","decl":{"start":{"line":55,"column":2},"end":{"line":55,"column":3}},"loc":{"start":{"line":55,"column":21},"end":{"line":62,"column":3}},"line":55},"15":{"name":"(anonymous_15)","decl":{"start":{"line":58,"column":24},"end":{"line":58,"column":25}},"loc":{"start":{"line":58,"column":34},"end":{"line":60,"column":7}},"line":58},"16":{"name":"(anonymous_16)","decl":{"start":{"line":64,"column":2},"end":{"line":64,"column":3}},"loc":{"start":{"line":64,"column":24},"end":{"line":70,"column":3}},"line":64},"17":{"name":"(anonymous_17)","decl":{"start":{"line":72,"column":2},"end":{"line":72,"column":3}},"loc":{"start":{"line":72,"column":9},"end":{"line":74,"column":3}},"line":72}},"branchMap":{"0":{"loc":{"start":{"line":6,"column":14},"end":{"line":6,"column":23}},"type":"default-arg","locations":[{"start":{"line":6,"column":21},"end":{"line":6,"column":23}}],"line":6},"1":{"loc":{"start":{"line":11,"column":4},"end":{"line":11,"column":77}},"type":"if","locations":[{"start":{"line":11,"column":4},"end":{"line":11,"column":77}},{"start":{},"end":{}}],"line":11},"2":{"loc":{"start":{"line":18,"column":4},"end":{"line":18,"column":42}},"type":"if","locations":[{"start":{"line":18,"column":4},"end":{"line":18,"column":42}},{"start":{},"end":{}}],"line":18},"3":{"loc":{"start":{"line":23,"column":35},"end":{"line":23,"column":68}},"type":"binary-expr","locations":[{"start":{"line":23,"column":35},"end":{"line":23,"column":40}},{"start":{"line":23,"column":44},"end":{"line":23,"column":68}}],"line":23},"4":{"loc":{"start":{"line":38,"column":4},"end":{"line":38,"column":57}},"type":"if","locations":[{"start":{"line":38,"column":4},"end":{"line":38,"column":57}},{"start":{},"end":{}}],"line":38},"5":{"loc":{"start":{"line":42,"column":4},"end":{"line":46,"column":5}},"type":"if","locations":[{"start":{"line":42,"column":4},"end":{"line":46,"column":5}},{"start":{},"end":{}}],"line":42},"6":{"loc":{"start":{"line":43,"column":6},"end":{"line":43,"column":67}},"type":"if","locations":[{"start":{"line":43,"column":6},"end":{"line":43,"column":67}},{"start":{},"end":{}}],"line":43},"7":{"loc":{"start":{"line":44,"column":6},"end":{"line":44,"column":97}},"type":"if","locations":[{"start":{"line":44,"column":6},"end":{"line":44,"column":97}},{"start":{},"end":{}}],"line":44},"8":{"loc":{"start":{"line":44,"column":10},"end":{"line":44,"column":55}},"type":"binary-expr","locations":[{"start":{"line":44,"column":10},"end":{"line":44,"column":33}},{"start":{"line":44,"column":37},"end":{"line":44,"column":55}}],"line":44},"9":{"loc":{"start":{"line":57,"column":4},"end":{"line":61,"column":5}},"type":"if","locations":[{"start":{"line":57,"column":4},"end":{"line":61,"column":5}},{"start":{},"end":{}}],"line":57},"10":{"loc":{"start":{"line":65,"column":4},"end":{"line":65,"column":36}},"type":"if","locations":[{"start":{"line":65,"column":4},"end":{"line":65,"column":36}},{"start":{},"end":{}}],"line":65}},"s":{"0":5,"1":5,"2":0,"3":5,"4":5,"5":5,"6":5,"7":4,"8":1,"9":1,"10":5,"11":3,"12":4,"13":3,"14":3,"15":1,"16":2,"17":8,"18":7,"19":8,"20":0,"21":1,"22":1,"23":1,"24":1,"25":1,"26":1,"27":1,"28":2,"29":0,"30":0,"31":0,"32":0,"33":1,"34":0,"35":1,"36":0},"f":{"0":5,"1":5,"2":5,"3":1,"4":5,"5":3,"6":4,"7":1,"8":2,"9":8,"10":7,"11":1,"12":1,"13":2,"14":0,"15":0,"16":1,"17":0},"b":{"0":[4],"1":[0,5],"2":[4,1],"3":[5,5],"4":[0,8],"5":[1,0],"6":[1,0],"7":[1,0],"8":[1,0],"9":[0,0],"10":[0,1]},"_coverageSchema":"1a1c01bbd47fc00a2c39e90264f33305004495a9","hash":"1fae707e66451d6685760aea26ffa71d13f17d6f"}
,"C:\\Users\\Carlos\\Documents\\Microverse\\Program\\Module 02\\to-do-list-webpack\\src\\modules\\to-do.js": {"path":"C:\\Users\\Carlos\\Documents\\Microverse\\Program\\Module 02\\to-do-list-webpack\\src\\modules\\to-do.js","statementMap":{"0":{"start":{"line":3,"column":4},"end":{"line":3,"column":35}},"1":{"start":{"line":4,"column":4},"end":{"line":4,"column":31}},"2":{"start":{"line":5,"column":4},"end":{"line":5,"column":23}}},"fnMap":{"0":{"name":"(anonymous_0)","decl":{"start":{"line":2,"column":2},"end":{"line":2,"column":3}},"loc":{"start":{"line":2,"column":62},"end":{"line":6,"column":3}},"line":2}},"branchMap":{"0":{"loc":{"start":{"line":2,"column":14},"end":{"line":2,"column":30}},"type":"default-arg","locations":[{"start":{"line":2,"column":28},"end":{"line":2,"column":30}}],"line":2},"1":{"loc":{"start":{"line":2,"column":32},"end":{"line":2,"column":41}},"type":"default-arg","locations":[{"start":{"line":2,"column":40},"end":{"line":2,"column":41}}],"line":2},"2":{"loc":{"start":{"line":2,"column":43},"end":{"line":2,"column":60}},"type":"default-arg","locations":[{"start":{"line":2,"column":55},"end":{"line":2,"column":60}}],"line":2}},"s":{"0":6,"1":6,"2":6},"f":{"0":6},"b":{"0":[0],"1":[0],"2":[0]},"_coverageSchema":"1a1c01bbd47fc00a2c39e90264f33305004495a9","hash":"3d33e91a643a591b5c06385ef22f5c6c54bee84c"}
}
