TN:
SF:src\modules\localStorageTools.js
FN:2,(anonymous_0)
FNF:1
FNH:0
FNDA:0,(anonymous_0)
DA:2,1
DA:4,0
DA:5,0
DA:6,0
DA:7,0
DA:8,0
DA:9,0
DA:11,0
DA:12,0
LF:9
LH:1
BRDA:12,0,0,0
BRDA:12,0,1,0
BRDA:12,0,2,0
BRDA:12,0,3,0
BRDA:12,0,4,0
BRDA:12,0,5,0
BRDA:12,0,6,0
BRF:7
BRH:0
end_of_record
TN:
SF:src\modules\to-do-list.js
FN:6,(anonymous_0)
FN:10,(anonymous_1)
FN:17,(anonymous_2)
FN:19,(anonymous_3)
FN:22,(anonymous_4)
FN:26,(anonymous_5)
FN:27,(anonymous_6)
FN:32,(anonymous_7)
FN:33,(anonymous_8)
FN:36,(anonymous_9)
FN:37,(anonymous_10)
FN:41,(anonymous_11)
FN:42,(anonymous_12)
FN:47,(anonymous_13)
FN:50,(anonymous_14)
FN:56,(anonymous_15)
FN:64,(anonymous_16)
FNF:17
FNH:8
FNDA:2,(anonymous_0)
FNDA:2,(anonymous_1)
FNDA:2,(anonymous_2)
FNDA:0,(anonymous_3)
FNDA:2,(anonymous_4)
FNDA:1,(anonymous_5)
FNDA:1,(anonymous_6)
FNDA:0,(anonymous_7)
FNDA:0,(anonymous_8)
FNDA:3,(anonymous_9)
FNDA:2,(anonymous_10)
FNDA:0,(anonymous_11)
FNDA:0,(anonymous_12)
FNDA:0,(anonymous_13)
FNDA:0,(anonymous_14)
FNDA:0,(anonymous_15)
FNDA:0,(anonymous_16)
DA:7,2
DA:11,2
DA:12,2
DA:13,2
DA:14,2
DA:18,2
DA:19,0
DA:23,2
DA:27,1
DA:28,1
DA:29,1
DA:33,0
DA:37,3
DA:38,3
DA:42,0
DA:43,0
DA:48,0
DA:49,0
DA:50,0
DA:51,0
DA:57,0
DA:58,0
DA:65,0
LF:23
LH:12
BRDA:6,0,0,0
BRDA:11,1,0,0
BRDA:11,1,1,2
BRDA:18,2,0,2
BRDA:18,2,1,0
BRDA:23,3,0,2
BRDA:23,3,1,2
BRDA:38,4,0,0
BRDA:38,4,1,3
BRDA:49,5,0,0
BRDA:49,5,1,0
BRDA:57,6,0,0
BRDA:57,6,1,0
BRF:13
BRH:5
end_of_record
TN:
SF:src\modules\to-do.js
FN:2,(anonymous_0)
FN:8,(anonymous_1)
FNF:2
FNH:1
FNDA:2,(anonymous_0)
FNDA:0,(anonymous_1)
DA:3,2
DA:4,2
DA:5,2
DA:9,0
LF:4
LH:3
BRDA:2,0,0,0
BRDA:2,1,0,0
BRDA:2,2,0,0
BRF:3
BRH:0
end_of_record
